<?xml version="1.0" encoding="UTF-8"?>
<testng-results skipped="0" failed="0" ignored="0" total="1" passed="1">
  <reporter-output>
  </reporter-output>
  <suite name="Default suite" duration-ms="43527" started-at="2023-12-05T16:22:29Z" finished-at="2023-12-05T16:23:13Z">
    <groups>
    </groups>
    <test name="Default test" duration-ms="43527" started-at="2023-12-05T16:22:29Z" finished-at="2023-12-05T16:23:13Z">
      <class name="module_List.GetLessonList">
        <test-method status="PASS" signature="GetModulesList()[pri:0, instance:module_List.GetLessonList@67e2d983]" name="GetModulesList" duration-ms="43514" started-at="2023-12-05T16:22:29Z" finished-at="2023-12-05T16:23:13Z">
          <reporter-output>
          </reporter-output>
        </test-method> <!-- GetModulesList -->
      </class> <!-- module_List.GetLessonList -->
    </test> <!-- Default test -->
  </suite> <!-- Default suite -->
</testng-results>
